------------------------------------------------------------------------------------------------------------------------

[2025-03-06 00:07:09 #1 store] 
Database 'C:\Users\aitor\Desktop\IS1\Rides24\src\main\resources\rides.temp' is opened by 4648@DESKTOP-O2PAE1U

[2025-03-06 00:07:09 #2 type.registry] 
New type domain.User

[2025-03-06 00:07:09 #3 type.registry] 
New type domain.Driver

[2025-03-06 00:07:09 #4 type] 
Type domain.User is not enhanced.

[2025-03-06 00:07:09 #5 type] 
Type domain.Driver is not enhanced.

[2025-03-06 00:07:09 #6 type.registry] 
New type domain.Ride

[2025-03-06 00:07:09 #7 type] 
Type domain.Ride is not enhanced.

[2025-03-06 00:07:10 #8 type.registry] 
New type domain.Reservation

[2025-03-06 00:07:10 #9 type] 
Type domain.Reservation is not enhanced.

[2025-03-06 00:07:10 #10 type.registry] 
New type domain.Traveler

[2025-03-06 00:07:10 #11 type] 
Type domain.Traveler is not enhanced.

[2025-03-06 00:07:10 #12 type.registry] 
New type java.util.Vector<java.lang.Object>

[2025-03-06 00:07:10 #13 type.registry] 
New type java.util.ArrayList<java.lang.Object>

[2025-03-06 00:07:10 #14 type.registry] 
New type java.util.Vector<domain.Ride>

[2025-03-06 00:07:10 #15 type.registry] 
New type java.util.ArrayList<domain.Reservation>

------------------------------------------------------------------------------------------------------------------------

[2025-03-06 00:07:34 #1 store] 
Database 'C:\Users\aitor\Desktop\IS1\Rides24\src\main\resources\rides.temp' is opened by 22336@DESKTOP-O2PAE1U

[2025-03-06 00:07:34 #2 type.registry] 
New type domain.User

[2025-03-06 00:07:34 #3 type.registry] 
New type domain.Driver

[2025-03-06 00:07:34 #4 type] 
Type domain.User is not enhanced.

[2025-03-06 00:07:34 #5 type] 
Type domain.Driver is not enhanced.

[2025-03-06 00:07:34 #6 type.registry] 
New type domain.Ride

[2025-03-06 00:07:34 #7 type] 
Type domain.Ride is not enhanced.

[2025-03-06 00:07:34 #8 type.registry] 
New type domain.Reservation

[2025-03-06 00:07:34 #9 type] 
Type domain.Reservation is not enhanced.

[2025-03-06 00:07:34 #10 type.registry] 
New type domain.Traveler

[2025-03-06 00:07:34 #11 type] 
Type domain.Traveler is not enhanced.

[2025-03-06 00:07:34 #12 type.registry] 
New type java.util.Vector<java.lang.Object>

[2025-03-06 00:07:34 #13 type.registry] 
New type java.util.ArrayList<java.lang.Object>

[2025-03-06 00:07:34 #14 type.registry] 
New type java.util.Vector<domain.Ride>

[2025-03-06 00:07:34 #15 type.registry] 
New type java.util.ArrayList<domain.Reservation>

------------------------------------------------------------------------------------------------------------------------

[2025-03-06 00:16:04 #1 store] 
Database 'C:\Users\aitor\Desktop\IS1\Rides24\src\main\resources\rides.temp' is opened by 12612@DESKTOP-O2PAE1U

[2025-03-06 00:16:04 #2 type.registry] 
New type domain.User

[2025-03-06 00:16:04 #3 type.registry] 
New type domain.Driver

[2025-03-06 00:16:04 #4 type] 
Type domain.User is not enhanced.

[2025-03-06 00:16:04 #5 type] 
Type domain.Driver is not enhanced.

[2025-03-06 00:16:04 #6 type.registry] 
New type domain.Ride

[2025-03-06 00:16:04 #7 type] 
Type domain.Ride is not enhanced.

[2025-03-06 00:16:04 #8 type.registry] 
New type domain.Reservation

[2025-03-06 00:16:04 #9 type] 
Type domain.Reservation is not enhanced.

[2025-03-06 00:16:04 #10 type.registry] 
New type domain.Traveler

[2025-03-06 00:16:04 #11 type] 
Type domain.Traveler is not enhanced.

[2025-03-06 00:16:04 #12 type.registry] 
New type java.util.Vector<java.lang.Object>

[2025-03-06 00:16:04 #13 type.registry] 
New type java.util.ArrayList<java.lang.Object>

[2025-03-06 00:16:04 #14 type.registry] 
New type java.util.Vector<domain.Ride>

[2025-03-06 00:16:04 #15 type.registry] 
New type java.util.ArrayList<domain.Reservation>

------------------------------------------------------------------------------------------------------------------------

[2025-03-06 00:24:43 #1 store] 
Database 'C:\Users\aitor\Desktop\IS1\Rides24\src\main\resources\rides.temp' is opened by 17296@DESKTOP-O2PAE1U

[2025-03-06 00:24:43 #2 type.registry] 
New type domain.User

[2025-03-06 00:24:43 #3 type.registry] 
New type domain.Driver

[2025-03-06 00:24:43 #4 type] 
Type domain.User is not enhanced.

[2025-03-06 00:24:43 #5 type] 
Type domain.Driver is not enhanced.

[2025-03-06 00:24:43 #6 type.registry] 
New type domain.Ride

[2025-03-06 00:24:43 #7 type] 
Type domain.Ride is not enhanced.

[2025-03-06 00:24:43 #8 type.registry] 
New type domain.Reservation

[2025-03-06 00:24:43 #9 type] 
Type domain.Reservation is not enhanced.

[2025-03-06 00:24:43 #10 type.registry] 
New type domain.Traveler

[2025-03-06 00:24:43 #11 type] 
Type domain.Traveler is not enhanced.

[2025-03-06 00:24:43 #12 type.registry] 
New type java.util.Vector<java.lang.Object>

[2025-03-06 00:24:43 #13 type.registry] 
New type java.util.ArrayList<java.lang.Object>

[2025-03-06 00:24:43 #14 type.registry] 
New type java.util.Vector<domain.Ride>

[2025-03-06 00:24:43 #15 type.registry] 
New type java.util.ArrayList<domain.Reservation>

------------------------------------------------------------------------------------------------------------------------

[2025-03-06 00:24:49 #1 store] 
Database 'C:\Users\aitor\Desktop\IS1\Rides24\src\main\resources\rides.temp' is opened by 3440@DESKTOP-O2PAE1U

[2025-03-06 00:24:50 #2 type.registry] 
New type domain.User

[2025-03-06 00:24:50 #3 type.registry] 
New type domain.Driver

[2025-03-06 00:24:50 #4 type] 
Type domain.User is not enhanced.

[2025-03-06 00:24:50 #5 type] 
Type domain.Driver is not enhanced.

[2025-03-06 00:24:50 #6 type.registry] 
New type domain.Ride

[2025-03-06 00:24:50 #7 type] 
Type domain.Ride is not enhanced.

[2025-03-06 00:24:50 #8 type.registry] 
New type domain.Reservation

[2025-03-06 00:24:50 #9 type] 
Type domain.Reservation is not enhanced.

[2025-03-06 00:24:50 #10 type.registry] 
New type domain.Traveler

[2025-03-06 00:24:50 #11 type] 
Type domain.Traveler is not enhanced.

[2025-03-06 00:24:50 #12 type.registry] 
New type java.util.Vector<java.lang.Object>

[2025-03-06 00:24:50 #13 type.registry] 
New type java.util.ArrayList<java.lang.Object>

[2025-03-06 00:24:50 #14 type.registry] 
New type java.util.Vector<domain.Ride>

[2025-03-06 00:24:50 #15 type.registry] 
New type java.util.ArrayList<domain.Reservation>

------------------------------------------------------------------------------------------------------------------------

[2025-03-06 00:25:19 #1 store] 
Database 'C:\Users\aitor\Desktop\IS1\Rides24\src\main\resources\rides.temp' is opened by 1304@DESKTOP-O2PAE1U

[2025-03-06 00:25:19 #2 type.registry] 
New type domain.User

[2025-03-06 00:25:19 #3 type.registry] 
New type domain.Driver

[2025-03-06 00:25:19 #4 type] 
Type domain.User is not enhanced.

[2025-03-06 00:25:19 #5 type] 
Type domain.Driver is not enhanced.

[2025-03-06 00:25:19 #6 type.registry] 
New type domain.Ride

[2025-03-06 00:25:19 #7 type] 
Type domain.Ride is not enhanced.

[2025-03-06 00:25:19 #8 type.registry] 
New type domain.Reservation

[2025-03-06 00:25:19 #9 type] 
Type domain.Reservation is not enhanced.

[2025-03-06 00:25:19 #10 type.registry] 
New type domain.Traveler

[2025-03-06 00:25:19 #11 type] 
Type domain.Traveler is not enhanced.

[2025-03-06 00:25:19 #12 type.registry] 
New type java.util.Vector<java.lang.Object>

[2025-03-06 00:25:19 #13 type.registry] 
New type java.util.ArrayList<java.lang.Object>

[2025-03-06 00:25:19 #14 type.registry] 
New type java.util.Vector<domain.Ride>

[2025-03-06 00:25:19 #15 type.registry] 
New type java.util.ArrayList<domain.Reservation>

------------------------------------------------------------------------------------------------------------------------

[2025-03-06 00:25:37 #1 store] 
Database 'C:\Users\aitor\Desktop\IS1\Rides24\src\main\resources\rides.temp' is opened by 17300@DESKTOP-O2PAE1U

[2025-03-06 00:25:37 #2 type.registry] 
New type domain.User

[2025-03-06 00:25:37 #3 type.registry] 
New type domain.Driver

[2025-03-06 00:25:37 #4 type] 
Type domain.User is not enhanced.

[2025-03-06 00:25:37 #5 type] 
Type domain.Driver is not enhanced.

[2025-03-06 00:25:37 #6 type.registry] 
New type domain.Ride

[2025-03-06 00:25:37 #7 type] 
Type domain.Ride is not enhanced.

[2025-03-06 00:25:37 #8 type.registry] 
New type domain.Reservation

[2025-03-06 00:25:37 #9 type] 
Type domain.Reservation is not enhanced.

[2025-03-06 00:25:37 #10 type.registry] 
New type domain.Traveler

[2025-03-06 00:25:37 #11 type] 
Type domain.Traveler is not enhanced.

[2025-03-06 00:25:37 #12 type.registry] 
New type java.util.Vector<java.lang.Object>

[2025-03-06 00:25:37 #13 type.registry] 
New type java.util.ArrayList<java.lang.Object>

[2025-03-06 00:25:37 #14 type.registry] 
New type java.util.Vector<domain.Ride>

[2025-03-06 00:25:37 #15 type.registry] 
New type java.util.ArrayList<domain.Reservation>

------------------------------------------------------------------------------------------------------------------------

[2025-03-06 00:35:25 #1 store] 
Database 'C:\Users\aitor\Desktop\IS1\Rides24\src\main\resources\rides.temp' is opened by 11132@DESKTOP-O2PAE1U

[2025-03-06 00:35:25 #2 type.registry] 
New type domain.User

[2025-03-06 00:35:25 #3 type.registry] 
New type domain.Driver

[2025-03-06 00:35:25 #4 type] 
Type domain.User is not enhanced.

[2025-03-06 00:35:25 #5 type] 
Type domain.Driver is not enhanced.

[2025-03-06 00:35:25 #6 type.registry] 
New type domain.Ride

[2025-03-06 00:35:25 #7 type] 
Type domain.Ride is not enhanced.

[2025-03-06 00:35:25 #8 type.registry] 
New type domain.Reservation

[2025-03-06 00:35:25 #9 type] 
Type domain.Reservation is not enhanced.

[2025-03-06 00:35:25 #10 type.registry] 
New type domain.Traveler

[2025-03-06 00:35:25 #11 type] 
Type domain.Traveler is not enhanced.

[2025-03-06 00:35:25 #12 type.registry] 
New type java.util.Vector<java.lang.Object>

[2025-03-06 00:35:25 #13 type.registry] 
New type java.util.ArrayList<java.lang.Object>

[2025-03-06 00:35:25 #14 type.registry] 
New type java.util.Vector<domain.Ride>

[2025-03-06 00:35:25 #15 type.registry] 
New type java.util.ArrayList<domain.Reservation>

------------------------------------------------------------------------------------------------------------------------

[2025-03-06 00:37:56 #1 store] 
Database 'C:\Users\aitor\Desktop\IS1\Rides24\src\main\resources\rides.temp' is opened by 22224@DESKTOP-O2PAE1U

[2025-03-06 00:37:56 #2 type.registry] 
New type domain.User

[2025-03-06 00:37:56 #3 type.registry] 
New type domain.Driver

[2025-03-06 00:37:56 #4 type] 
Type domain.User is not enhanced.

[2025-03-06 00:37:56 #5 type] 
Type domain.Driver is not enhanced.

[2025-03-06 00:37:56 #6 type.registry] 
New type domain.Ride

[2025-03-06 00:37:56 #7 type] 
Type domain.Ride is not enhanced.

[2025-03-06 00:37:56 #8 type.registry] 
New type domain.Reservation

[2025-03-06 00:37:56 #9 type] 
Type domain.Reservation is not enhanced.

[2025-03-06 00:37:56 #10 type.registry] 
New type domain.Traveler

[2025-03-06 00:37:56 #11 type] 
Type domain.Traveler is not enhanced.

[2025-03-06 00:37:56 #12 type.registry] 
New type java.util.Vector<java.lang.Object>

[2025-03-06 00:37:56 #13 type.registry] 
New type java.util.ArrayList<java.lang.Object>

[2025-03-06 00:37:56 #14 type.registry] 
New type java.util.Vector<domain.Ride>

[2025-03-06 00:37:56 #15 type.registry] 
New type java.util.ArrayList<domain.Reservation>

------------------------------------------------------------------------------------------------------------------------

[2025-03-06 15:57:18 #1 store] 
Database 'C:\Users\aitor\Desktop\IS1\Rides24\src\main\resources\rides.temp' is opened by 764@DESKTOP-O2PAE1U

[2025-03-06 15:57:18 #2 type.registry] 
New type domain.User

[2025-03-06 15:57:18 #3 type.registry] 
New type domain.Driver

[2025-03-06 15:57:18 #4 type] 
Type domain.User is not enhanced.

[2025-03-06 15:57:18 #5 type] 
Type domain.Driver is not enhanced.

[2025-03-06 15:57:18 #6 type.registry] 
New type domain.Ride

[2025-03-06 15:57:18 #7 type] 
Type domain.Ride is not enhanced.

[2025-03-06 15:57:18 #8 type.registry] 
New type domain.Reservation

[2025-03-06 15:57:18 #9 type] 
Type domain.Reservation is not enhanced.

[2025-03-06 15:57:18 #10 type.registry] 
New type domain.Traveler

[2025-03-06 15:57:18 #11 type] 
Type domain.Traveler is not enhanced.

[2025-03-06 15:57:18 #12 type.registry] 
New type java.util.Vector<java.lang.Object>

[2025-03-06 15:57:18 #13 type.registry] 
New type java.util.ArrayList<java.lang.Object>

[2025-03-06 15:57:18 #14 type.registry] 
New type java.util.Vector<domain.Ride>

[2025-03-06 15:57:19 #15 type.registry] 
New type java.util.ArrayList<domain.Reservation>

------------------------------------------------------------------------------------------------------------------------

[2025-03-06 16:01:53 #1 store] 
Database 'C:\Users\aitor\Desktop\IS1\Rides24\src\main\resources\rides.temp' is opened by 15544@DESKTOP-O2PAE1U

[2025-03-06 16:01:53 #2 type.registry] 
New type domain.User

[2025-03-06 16:01:53 #3 type.registry] 
New type domain.Driver

[2025-03-06 16:01:53 #4 type] 
Type domain.User is not enhanced.

[2025-03-06 16:01:53 #5 type] 
Type domain.Driver is not enhanced.

[2025-03-06 16:01:53 #6 type.registry] 
New type domain.Ride

[2025-03-06 16:01:53 #7 type] 
Type domain.Ride is not enhanced.

[2025-03-06 16:01:53 #8 type.registry] 
New type domain.Reservation

[2025-03-06 16:01:53 #9 type] 
Type domain.Reservation is not enhanced.

[2025-03-06 16:01:53 #10 type.registry] 
New type domain.Traveler

[2025-03-06 16:01:53 #11 type] 
Type domain.Traveler is not enhanced.

[2025-03-06 16:01:53 #12 type.registry] 
New type java.util.Vector<java.lang.Object>

[2025-03-06 16:01:53 #13 type.registry] 
New type java.util.ArrayList<java.lang.Object>

[2025-03-06 16:01:53 #14 type.registry] 
New type java.util.Vector<domain.Ride>

[2025-03-06 16:01:53 #15 type.registry] 
New type java.util.ArrayList<domain.Reservation>

------------------------------------------------------------------------------------------------------------------------

[2025-03-06 16:11:54 #1 store] 
Database 'C:\Users\aitor\Desktop\IS1\Rides24\src\main\resources\rides.temp' is opened by 6736@DESKTOP-O2PAE1U

[2025-03-06 16:11:55 #2 type.registry] 
New type domain.User

[2025-03-06 16:11:55 #3 type.registry] 
New type domain.Driver

[2025-03-06 16:11:55 #4 type] 
Type domain.User is not enhanced.

[2025-03-06 16:11:55 #5 type] 
Type domain.Driver is not enhanced.

[2025-03-06 16:11:55 #6 type.registry] 
New type domain.Ride

[2025-03-06 16:11:55 #7 type] 
Type domain.Ride is not enhanced.

[2025-03-06 16:11:55 #8 type.registry] 
New type domain.Reservation

[2025-03-06 16:11:55 #9 type] 
Type domain.Reservation is not enhanced.

[2025-03-06 16:11:55 #10 type.registry] 
New type domain.Traveler

[2025-03-06 16:11:55 #11 type] 
Type domain.Traveler is not enhanced.

[2025-03-06 16:11:55 #12 type.registry] 
New type java.util.Vector<java.lang.Object>

[2025-03-06 16:11:55 #13 type.registry] 
New type java.util.ArrayList<java.lang.Object>

[2025-03-06 16:11:55 #14 type.registry] 
New type java.util.Vector<domain.Ride>

[2025-03-06 16:11:55 #15 type.registry] 
New type java.util.ArrayList<domain.Reservation>

------------------------------------------------------------------------------------------------------------------------

[2025-03-06 17:17:09 #1 store] 
Database 'C:\Users\aitor\Desktop\IS1\Rides24\src\main\resources\rides.temp' is opened by 4680@DESKTOP-O2PAE1U

[2025-03-06 17:17:09 #2 type.registry] 
New type domain.User

[2025-03-06 17:17:09 #3 type.registry] 
New type domain.Driver

[2025-03-06 17:17:09 #4 type] 
Type domain.User is not enhanced.

[2025-03-06 17:17:09 #5 type] 
Type domain.Driver is not enhanced.

[2025-03-06 17:17:09 #6 type.registry] 
New type domain.Ride

[2025-03-06 17:17:09 #7 type] 
Type domain.Ride is not enhanced.

[2025-03-06 17:17:09 #8 type.registry] 
New type domain.Reservation

[2025-03-06 17:17:09 #9 type] 
Type domain.Reservation is not enhanced.

[2025-03-06 17:17:09 #10 type.registry] 
New type domain.Traveler

[2025-03-06 17:17:09 #11 type] 
Type domain.Traveler is not enhanced.

[2025-03-06 17:17:10 #12 type.registry] 
New type java.util.Vector<java.lang.Object>

[2025-03-06 17:17:10 #13 type.registry] 
New type java.util.ArrayList<java.lang.Object>

[2025-03-06 17:17:10 #14 type.registry] 
New type java.util.Vector<domain.Ride>

[2025-03-06 17:17:10 #15 type.registry] 
New type java.util.ArrayList<domain.Reservation>

------------------------------------------------------------------------------------------------------------------------

[2025-03-06 17:42:05 #1 store] 
Database 'C:\Users\aitor\Desktop\IS1\Rides24\src\main\resources\rides.temp' is opened by 11524@DESKTOP-O2PAE1U

[2025-03-06 17:42:05 #2 type.registry] 
New type domain.User

[2025-03-06 17:42:05 #3 type.registry] 
New type domain.Driver

[2025-03-06 17:42:05 #4 type] 
Type domain.User is not enhanced.

[2025-03-06 17:42:05 #5 type] 
Type domain.Driver is not enhanced.

[2025-03-06 17:42:05 #6 type.registry] 
New type domain.Ride

[2025-03-06 17:42:05 #7 type] 
Type domain.Ride is not enhanced.

[2025-03-06 17:42:05 #8 type.registry] 
New type domain.Reservation

[2025-03-06 17:42:05 #9 type] 
Type domain.Reservation is not enhanced.

[2025-03-06 17:42:05 #10 type.registry] 
New type domain.Traveler

[2025-03-06 17:42:05 #11 type] 
Type domain.Traveler is not enhanced.

[2025-03-06 17:42:05 #12 type.registry] 
New type java.util.Vector<java.lang.Object>

[2025-03-06 17:42:05 #13 type.registry] 
New type java.util.ArrayList<java.lang.Object>

[2025-03-06 17:42:05 #14 type.registry] 
New type java.util.Vector<domain.Ride>

[2025-03-06 17:42:05 #15 type.registry] 
New type java.util.ArrayList<domain.Reservation>

------------------------------------------------------------------------------------------------------------------------

[2025-03-06 17:42:29 #1 store] 
Database 'C:\Users\aitor\Desktop\IS1\Rides24\src\main\resources\rides.temp' is opened by 11336@DESKTOP-O2PAE1U

[2025-03-06 17:42:29 #2 type.registry] 
New type domain.User

[2025-03-06 17:42:29 #3 type.registry] 
New type domain.Driver

[2025-03-06 17:42:29 #4 type] 
Type domain.User is not enhanced.

[2025-03-06 17:42:29 #5 type] 
Type domain.Driver is not enhanced.

[2025-03-06 17:42:29 #6 type.registry] 
New type domain.Ride

[2025-03-06 17:42:29 #7 type] 
Type domain.Ride is not enhanced.

[2025-03-06 17:42:29 #8 type.registry] 
New type domain.Reservation

[2025-03-06 17:42:29 #9 type] 
Type domain.Reservation is not enhanced.

[2025-03-06 17:42:29 #10 type.registry] 
New type domain.Traveler

[2025-03-06 17:42:29 #11 type] 
Type domain.Traveler is not enhanced.

[2025-03-06 17:42:29 #12 type.registry] 
New type java.util.Vector<java.lang.Object>

[2025-03-06 17:42:29 #13 type.registry] 
New type java.util.ArrayList<java.lang.Object>

[2025-03-06 17:42:29 #14 type.registry] 
New type java.util.Vector<domain.Ride>

[2025-03-06 17:42:29 #15 type.registry] 
New type java.util.ArrayList<domain.Reservation>

------------------------------------------------------------------------------------------------------------------------

[2025-03-06 17:43:46 #1 store] 
Database 'C:\Users\aitor\Desktop\IS1\Rides24\src\main\resources\rides.temp' is opened by 12340@DESKTOP-O2PAE1U

[2025-03-06 17:43:46 #2 type.registry] 
New type domain.User

[2025-03-06 17:43:46 #3 type.registry] 
New type domain.Driver

[2025-03-06 17:43:46 #4 type] 
Type domain.User is not enhanced.

[2025-03-06 17:43:46 #5 type] 
Type domain.Driver is not enhanced.

[2025-03-06 17:43:46 #6 type.registry] 
New type domain.Ride

[2025-03-06 17:43:46 #7 type] 
Type domain.Ride is not enhanced.

[2025-03-06 17:43:46 #8 type.registry] 
New type domain.Reservation

[2025-03-06 17:43:46 #9 type] 
Type domain.Reservation is not enhanced.

[2025-03-06 17:43:46 #10 type.registry] 
New type domain.Traveler

[2025-03-06 17:43:46 #11 type] 
Type domain.Traveler is not enhanced.

[2025-03-06 17:43:46 #12 type.registry] 
New type java.util.Vector<java.lang.Object>

[2025-03-06 17:43:46 #13 type.registry] 
New type java.util.ArrayList<java.lang.Object>

[2025-03-06 17:43:46 #14 type.registry] 
New type java.util.Vector<domain.Ride>

[2025-03-06 17:43:46 #15 type.registry] 
New type java.util.ArrayList<domain.Reservation>

------------------------------------------------------------------------------------------------------------------------

[2025-03-06 17:47:39 #1 store] 
Database 'C:\Users\aitor\Desktop\IS1\Rides24\src\main\resources\rides.temp' is opened by 5340@DESKTOP-O2PAE1U

[2025-03-06 17:47:39 #2 type.registry] 
New type domain.User

[2025-03-06 17:47:39 #3 type.registry] 
New type domain.Driver

[2025-03-06 17:47:39 #4 type] 
Type domain.User is not enhanced.

[2025-03-06 17:47:39 #5 type] 
Type domain.Driver is not enhanced.

[2025-03-06 17:47:39 #6 type.registry] 
New type domain.Ride

[2025-03-06 17:47:39 #7 type] 
Type domain.Ride is not enhanced.

[2025-03-06 17:47:39 #8 type.registry] 
New type domain.Reservation

[2025-03-06 17:47:39 #9 type] 
Type domain.Reservation is not enhanced.

[2025-03-06 17:47:39 #10 type.registry] 
New type domain.Traveler

[2025-03-06 17:47:39 #11 type] 
Type domain.Traveler is not enhanced.

[2025-03-06 17:47:39 #12 type.registry] 
New type java.util.Vector<java.lang.Object>

[2025-03-06 17:47:39 #13 type.registry] 
New type java.util.ArrayList<java.lang.Object>

[2025-03-06 17:47:39 #14 type.registry] 
New type java.util.Vector<domain.Ride>

[2025-03-06 17:47:39 #15 type.registry] 
New type java.util.ArrayList<domain.Reservation>

------------------------------------------------------------------------------------------------------------------------

[2025-03-06 18:08:45 #1 store] 
Database 'C:\Users\aitor\Desktop\IS1\Rides24\src\main\resources\rides.temp' is opened by 19944@DESKTOP-O2PAE1U

[2025-03-06 18:08:45 #2 type.registry] 
New type domain.User

[2025-03-06 18:08:45 #3 type.registry] 
New type domain.Driver

[2025-03-06 18:08:45 #4 type] 
Type domain.User is not enhanced.

[2025-03-06 18:08:45 #5 type] 
Type domain.Driver is not enhanced.

[2025-03-06 18:08:45 #6 type.registry] 
New type domain.Ride

[2025-03-06 18:08:45 #7 type] 
Type domain.Ride is not enhanced.

[2025-03-06 18:08:45 #8 type.registry] 
New type domain.Reservation

[2025-03-06 18:08:45 #9 type] 
Type domain.Reservation is not enhanced.

[2025-03-06 18:08:45 #10 type.registry] 
New type domain.Traveler

[2025-03-06 18:08:45 #11 type] 
Type domain.Traveler is not enhanced.

[2025-03-06 18:08:45 #12 type.registry] 
New type java.util.Vector<java.lang.Object>

[2025-03-06 18:08:45 #13 type.registry] 
New type java.util.ArrayList<java.lang.Object>

[2025-03-06 18:08:45 #14 type.registry] 
New type java.util.Vector<domain.Ride>

[2025-03-06 18:08:45 #15 type.registry] 
New type java.util.ArrayList<domain.Reservation>

------------------------------------------------------------------------------------------------------------------------

[2025-03-06 18:24:34 #1 store] 
Database 'C:\Users\aitor\Desktop\IS1\Rides24\src\main\resources\rides.temp' is opened by 12908@DESKTOP-O2PAE1U

[2025-03-06 18:24:34 #2 type.registry] 
New type domain.User

[2025-03-06 18:24:34 #3 type.registry] 
New type domain.Driver

[2025-03-06 18:24:34 #4 type] 
Type domain.User is not enhanced.

[2025-03-06 18:24:34 #5 type] 
Type domain.Driver is not enhanced.

[2025-03-06 18:24:34 #6 type.registry] 
New type domain.Ride

[2025-03-06 18:24:34 #7 type] 
Type domain.Ride is not enhanced.

[2025-03-06 18:24:34 #8 type.registry] 
New type domain.Reservation

[2025-03-06 18:24:34 #9 type] 
Type domain.Reservation is not enhanced.

[2025-03-06 18:24:34 #10 type.registry] 
New type domain.Traveler

[2025-03-06 18:24:34 #11 type] 
Type domain.Traveler is not enhanced.

[2025-03-06 18:24:34 #12 type.registry] 
New type java.util.Vector<java.lang.Object>

[2025-03-06 18:24:34 #13 type.registry] 
New type java.util.ArrayList<java.lang.Object>

[2025-03-06 18:24:34 #14 type.registry] 
New type java.util.Vector<domain.Ride>

[2025-03-06 18:24:34 #15 type.registry] 
New type java.util.ArrayList<domain.Reservation>

------------------------------------------------------------------------------------------------------------------------

[2025-03-06 18:55:24 #1 store] 
Database 'C:\Users\aitor\Desktop\IS1\Rides24\src\main\resources\rides.temp' is opened by 4008@DESKTOP-O2PAE1U

[2025-03-06 18:55:25 #2 type.registry] 
New type domain.User

[2025-03-06 18:55:25 #3 type.registry] 
New type domain.Driver

[2025-03-06 18:55:25 #4 type] 
Type domain.User is not enhanced.

[2025-03-06 18:55:25 #5 type] 
Type domain.Driver is not enhanced.

[2025-03-06 18:55:25 #6 type.registry] 
New type domain.Ride

[2025-03-06 18:55:25 #7 type] 
Type domain.Ride is not enhanced.

[2025-03-06 18:55:25 #8 type.registry] 
New type domain.Reservation

[2025-03-06 18:55:25 #9 type] 
Type domain.Reservation is not enhanced.

[2025-03-06 18:55:25 #10 type.registry] 
New type domain.Traveler

[2025-03-06 18:55:25 #11 type] 
Type domain.Traveler is not enhanced.

[2025-03-06 18:55:25 #12 type.registry] 
New type java.util.Vector<java.lang.Object>

[2025-03-06 18:55:25 #13 type.registry] 
New type java.util.ArrayList<java.lang.Object>

[2025-03-06 18:55:25 #14 type.registry] 
New type java.util.Vector<domain.Ride>

[2025-03-06 18:55:25 #15 type.registry] 
New type java.util.ArrayList<domain.Reservation>

------------------------------------------------------------------------------------------------------------------------

[2025-03-06 18:59:12 #1 store] 
Database 'C:\Users\aitor\Desktop\IS1\Rides24\src\main\resources\rides.temp' is opened by 4584@DESKTOP-O2PAE1U

[2025-03-06 18:59:13 #2 type.registry] 
New type domain.User

[2025-03-06 18:59:13 #3 type.registry] 
New type domain.Driver

[2025-03-06 18:59:13 #4 type] 
Type domain.User is not enhanced.

[2025-03-06 18:59:13 #5 type] 
Type domain.Driver is not enhanced.

[2025-03-06 18:59:13 #6 type.registry] 
New type domain.Ride

[2025-03-06 18:59:13 #7 type] 
Type domain.Ride is not enhanced.

[2025-03-06 18:59:13 #8 type.registry] 
New type domain.Reservation

[2025-03-06 18:59:13 #9 type] 
Type domain.Reservation is not enhanced.

[2025-03-06 18:59:13 #10 type.registry] 
New type domain.Traveler

[2025-03-06 18:59:13 #11 type] 
Type domain.Traveler is not enhanced.

[2025-03-06 18:59:13 #12 type.registry] 
New type java.util.Vector<java.lang.Object>

[2025-03-06 18:59:13 #13 type.registry] 
New type java.util.ArrayList<java.lang.Object>

[2025-03-06 18:59:13 #14 type.registry] 
New type java.util.Vector<domain.Ride>

[2025-03-06 18:59:13 #15 type.registry] 
New type java.util.ArrayList<domain.Reservation>

------------------------------------------------------------------------------------------------------------------------

[2025-03-06 19:02:02 #1 store] 
Database 'C:\Users\aitor\Desktop\IS1\Rides24\src\main\resources\rides.temp' is opened by 16736@DESKTOP-O2PAE1U

[2025-03-06 19:02:02 #2 type.registry] 
New type domain.User

[2025-03-06 19:02:02 #3 type.registry] 
New type domain.Driver

[2025-03-06 19:02:02 #4 type] 
Type domain.User is not enhanced.

[2025-03-06 19:02:02 #5 type] 
Type domain.Driver is not enhanced.

[2025-03-06 19:02:02 #6 type.registry] 
New type domain.Ride

[2025-03-06 19:02:02 #7 type] 
Type domain.Ride is not enhanced.

[2025-03-06 19:02:02 #8 type.registry] 
New type domain.Reservation

[2025-03-06 19:02:02 #9 type] 
Type domain.Reservation is not enhanced.

[2025-03-06 19:02:02 #10 type.registry] 
New type domain.Traveler

[2025-03-06 19:02:02 #11 type] 
Type domain.Traveler is not enhanced.

[2025-03-06 19:02:02 #12 type.registry] 
New type java.util.Vector<java.lang.Object>

[2025-03-06 19:02:02 #13 type.registry] 
New type java.util.ArrayList<java.lang.Object>

[2025-03-06 19:02:02 #14 type.registry] 
New type java.util.Vector<domain.Ride>

[2025-03-06 19:02:02 #15 type.registry] 
New type java.util.ArrayList<domain.Reservation>

------------------------------------------------------------------------------------------------------------------------

[2025-03-06 19:34:17 #1 store] 
Database 'C:\Users\aitor\Desktop\IS1\Rides24\src\main\resources\rides.temp' is opened by 3476@DESKTOP-O2PAE1U

[2025-03-06 19:34:17 #2 type.registry] 
New type domain.User

[2025-03-06 19:34:17 #3 type.registry] 
New type domain.Driver

[2025-03-06 19:34:17 #4 type] 
Type domain.User is not enhanced.

[2025-03-06 19:34:17 #5 type] 
Type domain.Driver is not enhanced.

[2025-03-06 19:34:17 #6 type.registry] 
New type domain.Ride

[2025-03-06 19:34:17 #7 type] 
Type domain.Ride is not enhanced.

[2025-03-06 19:34:17 #8 type.registry] 
New type domain.Reservation

[2025-03-06 19:34:17 #9 type] 
Type domain.Reservation is not enhanced.

[2025-03-06 19:34:17 #10 type.registry] 
New type domain.Traveler

[2025-03-06 19:34:17 #11 type] 
Type domain.Traveler is not enhanced.

[2025-03-06 19:34:17 #12 type.registry] 
New type java.util.Vector<java.lang.Object>

[2025-03-06 19:34:17 #13 type.registry] 
New type java.util.ArrayList<java.lang.Object>

[2025-03-06 19:34:17 #14 type.registry] 
New type java.util.Vector<domain.Ride>

[2025-03-06 19:34:17 #15 type.registry] 
New type java.util.ArrayList<domain.Reservation>

------------------------------------------------------------------------------------------------------------------------

[2025-03-06 19:40:33 #1 store] 
Database 'C:\Users\aitor\Desktop\IS1\Rides24\src\main\resources\rides.temp' is opened by 9380@DESKTOP-O2PAE1U

[2025-03-06 19:40:33 #2 type.registry] 
New type domain.User

[2025-03-06 19:40:33 #3 type.registry] 
New type domain.Driver

[2025-03-06 19:40:33 #4 type] 
Type domain.User is not enhanced.

[2025-03-06 19:40:33 #5 type] 
Type domain.Driver is not enhanced.

[2025-03-06 19:40:33 #6 type.registry] 
New type domain.Ride

[2025-03-06 19:40:33 #7 type] 
Type domain.Ride is not enhanced.

[2025-03-06 19:40:33 #8 type.registry] 
New type domain.Reservation

[2025-03-06 19:40:33 #9 type] 
Type domain.Reservation is not enhanced.

[2025-03-06 19:40:33 #10 type.registry] 
New type domain.Traveler

[2025-03-06 19:40:33 #11 type] 
Type domain.Traveler is not enhanced.

[2025-03-06 19:40:33 #12 type.registry] 
New type java.util.Vector<java.lang.Object>

[2025-03-06 19:40:34 #13 type.registry] 
New type java.util.ArrayList<java.lang.Object>

[2025-03-06 19:40:34 #14 type.registry] 
New type java.util.Vector<domain.Ride>

[2025-03-06 19:40:34 #15 type.registry] 
New type java.util.ArrayList<domain.Reservation>

------------------------------------------------------------------------------------------------------------------------

[2025-03-06 19:44:29 #1 store] 
Database 'C:\Users\aitor\Desktop\IS1\Rides24\src\main\resources\rides.temp' is opened by 12156@DESKTOP-O2PAE1U

[2025-03-06 19:44:29 #2 type.registry] 
New type domain.User

[2025-03-06 19:44:29 #3 type.registry] 
New type domain.Driver

[2025-03-06 19:44:29 #4 type] 
Type domain.User is not enhanced.

[2025-03-06 19:44:29 #5 type] 
Type domain.Driver is not enhanced.

[2025-03-06 19:44:29 #6 type.registry] 
New type domain.Ride

[2025-03-06 19:44:29 #7 type] 
Type domain.Ride is not enhanced.

[2025-03-06 19:44:29 #8 type.registry] 
New type domain.Reservation

[2025-03-06 19:44:29 #9 type] 
Type domain.Reservation is not enhanced.

[2025-03-06 19:44:29 #10 type.registry] 
New type domain.Traveler

[2025-03-06 19:44:29 #11 type] 
Type domain.Traveler is not enhanced.

[2025-03-06 19:44:29 #12 type.registry] 
New type java.util.Vector<java.lang.Object>

[2025-03-06 19:44:29 #13 type.registry] 
New type java.util.ArrayList<java.lang.Object>

[2025-03-06 19:44:29 #14 type.registry] 
New type java.util.Vector<domain.Ride>

[2025-03-06 19:44:29 #15 type.registry] 
New type java.util.ArrayList<domain.Reservation>

------------------------------------------------------------------------------------------------------------------------

[2025-03-06 19:55:27 #1 store] 
Database 'C:\Users\aitor\Desktop\IS1\Rides24\src\main\resources\rides.temp' is opened by 16072@DESKTOP-O2PAE1U

[2025-03-06 19:55:27 #2 type.registry] 
New type domain.User

[2025-03-06 19:55:27 #3 type.registry] 
New type domain.Driver

[2025-03-06 19:55:27 #4 type] 
Type domain.User is not enhanced.

[2025-03-06 19:55:27 #5 type] 
Type domain.Driver is not enhanced.

[2025-03-06 19:55:27 #6 type.registry] 
New type domain.Ride

[2025-03-06 19:55:27 #7 type] 
Type domain.Ride is not enhanced.

[2025-03-06 19:55:27 #8 type.registry] 
New type domain.Reservation

[2025-03-06 19:55:27 #9 type] 
Type domain.Reservation is not enhanced.

[2025-03-06 19:55:27 #10 type.registry] 
New type domain.Traveler

[2025-03-06 19:55:27 #11 type] 
Type domain.Traveler is not enhanced.

[2025-03-06 19:55:27 #12 type.registry] 
New type java.util.Vector<java.lang.Object>

[2025-03-06 19:55:27 #13 type.registry] 
New type java.util.ArrayList<java.lang.Object>

[2025-03-06 19:55:27 #14 type.registry] 
New type java.util.Vector<domain.Ride>

[2025-03-06 19:55:27 #15 type.registry] 
New type java.util.ArrayList<domain.Reservation>

------------------------------------------------------------------------------------------------------------------------

[2025-03-06 19:55:36 #1 store] 
Database 'C:\Users\aitor\Desktop\IS1\Rides24\src\main\resources\rides.temp' is opened by 14264@DESKTOP-O2PAE1U

[2025-03-06 19:55:36 #2 type.registry] 
New type domain.User

[2025-03-06 19:55:36 #3 type.registry] 
New type domain.Driver

[2025-03-06 19:55:36 #4 type] 
Type domain.User is not enhanced.

[2025-03-06 19:55:36 #5 type] 
Type domain.Driver is not enhanced.

[2025-03-06 19:55:36 #6 type.registry] 
New type domain.Ride

[2025-03-06 19:55:36 #7 type] 
Type domain.Ride is not enhanced.

[2025-03-06 19:55:36 #8 type.registry] 
New type domain.Reservation

[2025-03-06 19:55:36 #9 type] 
Type domain.Reservation is not enhanced.

[2025-03-06 19:55:36 #10 type.registry] 
New type domain.Traveler

[2025-03-06 19:55:36 #11 type] 
Type domain.Traveler is not enhanced.

[2025-03-06 19:55:36 #12 type.registry] 
New type java.util.Vector<java.lang.Object>

[2025-03-06 19:55:36 #13 type.registry] 
New type java.util.ArrayList<java.lang.Object>

[2025-03-06 19:55:36 #14 type.registry] 
New type java.util.Vector<domain.Ride>

[2025-03-06 19:55:36 #15 type.registry] 
New type java.util.ArrayList<domain.Reservation>

------------------------------------------------------------------------------------------------------------------------

[2025-03-06 19:57:01 #1 store] 
Database 'C:\Users\aitor\Desktop\IS1\Rides24\src\main\resources\rides.temp' is opened by 17300@DESKTOP-O2PAE1U

[2025-03-06 19:57:01 #2 type.registry] 
New type domain.User

[2025-03-06 19:57:01 #3 type.registry] 
New type domain.Driver

[2025-03-06 19:57:01 #4 type] 
Type domain.User is not enhanced.

[2025-03-06 19:57:01 #5 type] 
Type domain.Driver is not enhanced.

[2025-03-06 19:57:01 #6 type.registry] 
New type domain.Ride

[2025-03-06 19:57:01 #7 type] 
Type domain.Ride is not enhanced.

[2025-03-06 19:57:01 #8 type.registry] 
New type domain.Reservation

[2025-03-06 19:57:01 #9 type] 
Type domain.Reservation is not enhanced.

[2025-03-06 19:57:01 #10 type.registry] 
New type domain.Traveler

[2025-03-06 19:57:01 #11 type] 
Type domain.Traveler is not enhanced.

[2025-03-06 19:57:01 #12 type.registry] 
New type java.util.Vector<java.lang.Object>

[2025-03-06 19:57:01 #13 type.registry] 
New type java.util.ArrayList<java.lang.Object>

[2025-03-06 19:57:01 #14 type.registry] 
New type java.util.Vector<domain.Ride>

[2025-03-06 19:57:01 #15 type.registry] 
New type java.util.ArrayList<domain.Reservation>

------------------------------------------------------------------------------------------------------------------------

[2025-03-06 20:10:08 #1 store] 
Database 'C:\Users\aitor\Desktop\IS1\Rides24\src\main\resources\rides.temp' is opened by 20292@DESKTOP-O2PAE1U

[2025-03-06 20:10:09 #2 type.registry] 
New type domain.User

[2025-03-06 20:10:09 #3 type.registry] 
New type domain.Driver

[2025-03-06 20:10:09 #4 type] 
Type domain.User is not enhanced.

[2025-03-06 20:10:09 #5 type] 
Type domain.Driver is not enhanced.

[2025-03-06 20:10:09 #6 type.registry] 
New type domain.Ride

[2025-03-06 20:10:09 #7 type] 
Type domain.Ride is not enhanced.

[2025-03-06 20:10:09 #8 type.registry] 
New type domain.Reservation

[2025-03-06 20:10:09 #9 type] 
Type domain.Reservation is not enhanced.

[2025-03-06 20:10:09 #10 type.registry] 
New type domain.Traveler

[2025-03-06 20:10:09 #11 type] 
Type domain.Traveler is not enhanced.

[2025-03-06 20:10:09 #12 type.registry] 
New type java.util.Vector<java.lang.Object>

[2025-03-06 20:10:09 #13 type.registry] 
New type java.util.ArrayList<java.lang.Object>

[2025-03-06 20:10:09 #14 type.registry] 
New type java.util.Vector<domain.Ride>

[2025-03-06 20:10:09 #15 type.registry] 
New type java.util.ArrayList<domain.Reservation>

------------------------------------------------------------------------------------------------------------------------

[2025-03-06 20:11:06 #1 store] 
Database 'C:\Users\aitor\Desktop\IS1\Rides24\src\main\resources\rides.temp' is opened by 8968@DESKTOP-O2PAE1U

[2025-03-06 20:11:06 #2 type.registry] 
New type domain.User

[2025-03-06 20:11:06 #3 type.registry] 
New type domain.Driver

[2025-03-06 20:11:06 #4 type] 
Type domain.User is not enhanced.

[2025-03-06 20:11:06 #5 type] 
Type domain.Driver is not enhanced.

[2025-03-06 20:11:06 #6 type.registry] 
New type domain.Ride

[2025-03-06 20:11:06 #7 type] 
Type domain.Ride is not enhanced.

[2025-03-06 20:11:06 #8 type.registry] 
New type domain.Reservation

[2025-03-06 20:11:06 #9 type] 
Type domain.Reservation is not enhanced.

[2025-03-06 20:11:06 #10 type.registry] 
New type domain.Traveler

[2025-03-06 20:11:06 #11 type] 
Type domain.Traveler is not enhanced.

[2025-03-06 20:11:06 #12 type.registry] 
New type java.util.Vector<java.lang.Object>

[2025-03-06 20:11:06 #13 type.registry] 
New type java.util.ArrayList<java.lang.Object>

[2025-03-06 20:11:06 #14 type.registry] 
New type java.util.Vector<domain.Ride>

[2025-03-06 20:11:06 #15 type.registry] 
New type java.util.ArrayList<domain.Reservation>

------------------------------------------------------------------------------------------------------------------------

[2025-03-06 20:12:47 #1 store] 
Database 'C:\Users\aitor\Desktop\IS1\Rides24\src\main\resources\rides.temp' is opened by 8532@DESKTOP-O2PAE1U

[2025-03-06 20:12:48 #2 type.registry] 
New type domain.User

[2025-03-06 20:12:48 #3 type.registry] 
New type domain.Driver

[2025-03-06 20:12:48 #4 type] 
Type domain.User is not enhanced.

[2025-03-06 20:12:48 #5 type] 
Type domain.Driver is not enhanced.

[2025-03-06 20:12:48 #6 type.registry] 
New type domain.Ride

[2025-03-06 20:12:48 #7 type] 
Type domain.Ride is not enhanced.

[2025-03-06 20:12:48 #8 type.registry] 
New type domain.Reservation

[2025-03-06 20:12:48 #9 type] 
Type domain.Reservation is not enhanced.

[2025-03-06 20:12:48 #10 type.registry] 
New type domain.Traveler

[2025-03-06 20:12:48 #11 type] 
Type domain.Traveler is not enhanced.

[2025-03-06 20:12:48 #12 type.registry] 
New type java.util.Vector<java.lang.Object>

[2025-03-06 20:12:48 #13 type.registry] 
New type java.util.ArrayList<java.lang.Object>

[2025-03-06 20:12:48 #14 type.registry] 
New type java.util.Vector<domain.Ride>

[2025-03-06 20:12:48 #15 type.registry] 
New type java.util.ArrayList<domain.Reservation>

------------------------------------------------------------------------------------------------------------------------

[2025-03-06 20:13:47 #1 store] 
Database 'C:\Users\aitor\Desktop\IS1\Rides24\src\main\resources\rides.temp' is opened by 17004@DESKTOP-O2PAE1U

[2025-03-06 20:13:48 #2 type.registry] 
New type domain.User

[2025-03-06 20:13:48 #3 type.registry] 
New type domain.Driver

[2025-03-06 20:13:48 #4 type] 
Type domain.User is not enhanced.

[2025-03-06 20:13:48 #5 type] 
Type domain.Driver is not enhanced.

[2025-03-06 20:13:48 #6 type.registry] 
New type domain.Ride

[2025-03-06 20:13:48 #7 type] 
Type domain.Ride is not enhanced.

[2025-03-06 20:13:48 #8 type.registry] 
New type domain.Reservation

[2025-03-06 20:13:48 #9 type] 
Type domain.Reservation is not enhanced.

[2025-03-06 20:13:48 #10 type.registry] 
New type domain.Traveler

[2025-03-06 20:13:48 #11 type] 
Type domain.Traveler is not enhanced.

[2025-03-06 20:13:48 #12 type.registry] 
New type java.util.Vector<java.lang.Object>

[2025-03-06 20:13:48 #13 type.registry] 
New type java.util.ArrayList<java.lang.Object>

[2025-03-06 20:13:48 #14 type.registry] 
New type java.util.Vector<domain.Ride>

[2025-03-06 20:13:48 #15 type.registry] 
New type java.util.ArrayList<domain.Reservation>

------------------------------------------------------------------------------------------------------------------------

[2025-03-06 20:24:46 #1 store] 
Database 'C:\Users\aitor\Desktop\IS1\Rides24\src\main\resources\rides.temp' is opened by 8508@DESKTOP-O2PAE1U

[2025-03-06 20:24:47 #2 type.registry] 
New type domain.User

[2025-03-06 20:24:47 #3 type.registry] 
New type domain.Driver

[2025-03-06 20:24:47 #4 type] 
Type domain.User is not enhanced.

[2025-03-06 20:24:47 #5 type] 
Type domain.Driver is not enhanced.

[2025-03-06 20:24:47 #6 type.registry] 
New type domain.Ride

[2025-03-06 20:24:47 #7 type] 
Type domain.Ride is not enhanced.

[2025-03-06 20:24:47 #8 type.registry] 
New type domain.Reservation

[2025-03-06 20:24:47 #9 type] 
Type domain.Reservation is not enhanced.

[2025-03-06 20:24:47 #10 type.registry] 
New type domain.Traveler

[2025-03-06 20:24:47 #11 type] 
Type domain.Traveler is not enhanced.

[2025-03-06 20:24:47 #12 type.registry] 
New type java.util.Vector<java.lang.Object>

[2025-03-06 20:24:47 #13 type.registry] 
New type java.util.ArrayList<java.lang.Object>

[2025-03-06 20:24:47 #14 type.registry] 
New type java.util.Vector<domain.Ride>

[2025-03-06 20:24:47 #15 type.registry] 
New type java.util.ArrayList<domain.Reservation>

------------------------------------------------------------------------------------------------------------------------

[2025-03-06 21:35:49 #1 store] 
Database 'C:\Users\aitor\Desktop\IS1\Rides24\src\main\resources\rides.temp' is opened by 22520@DESKTOP-O2PAE1U

[2025-03-06 21:35:49 #2 type.registry] 
New type domain.User

[2025-03-06 21:35:49 #3 type.registry] 
New type domain.Driver

[2025-03-06 21:35:49 #4 type] 
Type domain.User is not enhanced.

[2025-03-06 21:35:49 #5 type] 
Type domain.Driver is not enhanced.

[2025-03-06 21:35:49 #6 type.registry] 
New type domain.Ride

[2025-03-06 21:35:49 #7 type] 
Type domain.Ride is not enhanced.

[2025-03-06 21:35:49 #8 type.registry] 
New type domain.Reservation

[2025-03-06 21:35:49 #9 type] 
Type domain.Reservation is not enhanced.

[2025-03-06 21:35:49 #10 type.registry] 
New type domain.Traveler

[2025-03-06 21:35:49 #11 type] 
Type domain.Traveler is not enhanced.

[2025-03-06 21:35:49 #12 type.registry] 
New type java.util.Vector<java.lang.Object>

[2025-03-06 21:35:49 #13 type.registry] 
New type java.util.ArrayList<java.lang.Object>

[2025-03-06 21:35:49 #14 type.registry] 
New type java.util.Vector<domain.Ride>

[2025-03-06 21:35:49 #15 type.registry] 
New type java.util.ArrayList<domain.Reservation>

------------------------------------------------------------------------------------------------------------------------

[2025-03-06 21:37:20 #1 store] 
Database 'C:\Users\aitor\Desktop\IS1\Rides24\src\main\resources\rides.temp' is opened by 10216@DESKTOP-O2PAE1U

[2025-03-06 21:37:20 #2 type.registry] 
New type domain.User

[2025-03-06 21:37:20 #3 type.registry] 
New type domain.Driver

[2025-03-06 21:37:20 #4 type] 
Type domain.User is not enhanced.

[2025-03-06 21:37:20 #5 type] 
Type domain.Driver is not enhanced.

[2025-03-06 21:37:20 #6 type.registry] 
New type domain.Ride

[2025-03-06 21:37:20 #7 type] 
Type domain.Ride is not enhanced.

[2025-03-06 21:37:20 #8 type.registry] 
New type domain.Reservation

[2025-03-06 21:37:20 #9 type] 
Type domain.Reservation is not enhanced.

[2025-03-06 21:37:20 #10 type.registry] 
New type domain.Traveler

[2025-03-06 21:37:20 #11 type] 
Type domain.Traveler is not enhanced.

[2025-03-06 21:37:20 #12 type.registry] 
New type java.util.Vector<java.lang.Object>

[2025-03-06 21:37:20 #13 type.registry] 
New type java.util.ArrayList<java.lang.Object>

[2025-03-06 21:37:20 #14 type.registry] 
New type java.util.Vector<domain.Ride>

[2025-03-06 21:37:20 #15 type.registry] 
New type java.util.ArrayList<domain.Reservation>

------------------------------------------------------------------------------------------------------------------------

[2025-03-06 21:50:12 #1 store] 
Database 'C:\Users\aitor\Desktop\IS1\Rides24\src\main\resources\rides.temp' is opened by 11132@DESKTOP-O2PAE1U

[2025-03-06 21:50:12 #2 type.registry] 
New type domain.User

[2025-03-06 21:50:12 #3 type.registry] 
New type domain.Driver

[2025-03-06 21:50:12 #4 type] 
Type domain.User is not enhanced.

[2025-03-06 21:50:12 #5 type] 
Type domain.Driver is not enhanced.

[2025-03-06 21:50:12 #6 type.registry] 
New type domain.Ride

[2025-03-06 21:50:12 #7 type] 
Type domain.Ride is not enhanced.

[2025-03-06 21:50:12 #8 type.registry] 
New type domain.Reservation

[2025-03-06 21:50:12 #9 type] 
Type domain.Reservation is not enhanced.

[2025-03-06 21:50:12 #10 type.registry] 
New type domain.Traveler

[2025-03-06 21:50:12 #11 type] 
Type domain.Traveler is not enhanced.

[2025-03-06 21:50:12 #12 type.registry] 
New type java.util.Vector<java.lang.Object>

[2025-03-06 21:50:12 #13 type.registry] 
New type java.util.ArrayList<java.lang.Object>

[2025-03-06 21:50:12 #14 type.registry] 
New type java.util.Vector<domain.Ride>

[2025-03-06 21:50:12 #15 type.registry] 
New type java.util.ArrayList<domain.Reservation>

------------------------------------------------------------------------------------------------------------------------

[2025-03-06 21:53:32 #1 store] 
Database 'C:\Users\aitor\Desktop\IS1\Rides24\src\main\resources\rides.temp' is opened by 17356@DESKTOP-O2PAE1U

[2025-03-06 21:53:33 #2 type.registry] 
New type domain.User

[2025-03-06 21:53:33 #3 type.registry] 
New type domain.Driver

[2025-03-06 21:53:33 #4 type] 
Type domain.User is not enhanced.

[2025-03-06 21:53:33 #5 type] 
Type domain.Driver is not enhanced.

[2025-03-06 21:53:33 #6 type.registry] 
New type domain.Ride

[2025-03-06 21:53:33 #7 type] 
Type domain.Ride is not enhanced.

[2025-03-06 21:53:33 #8 type.registry] 
New type domain.Reservation

[2025-03-06 21:53:33 #9 type] 
Type domain.Reservation is not enhanced.

[2025-03-06 21:53:33 #10 type.registry] 
New type domain.Traveler

[2025-03-06 21:53:33 #11 type] 
Type domain.Traveler is not enhanced.

[2025-03-06 21:53:33 #12 type.registry] 
New type java.util.Vector<java.lang.Object>

[2025-03-06 21:53:33 #13 type.registry] 
New type java.util.ArrayList<java.lang.Object>

[2025-03-06 21:53:33 #14 type.registry] 
New type java.util.Vector<domain.Ride>

[2025-03-06 21:53:33 #15 type.registry] 
New type java.util.ArrayList<domain.Reservation>

------------------------------------------------------------------------------------------------------------------------

[2025-03-06 22:12:12 #1 store] 
Database 'C:\Users\aitor\Desktop\IS1\Rides24\src\main\resources\rides.temp' is opened by 18644@DESKTOP-O2PAE1U

[2025-03-06 22:12:12 #2 type.registry] 
New type domain.User

[2025-03-06 22:12:12 #3 type.registry] 
New type domain.Driver

[2025-03-06 22:12:12 #4 type] 
Type domain.User is not enhanced.

[2025-03-06 22:12:12 #5 type] 
Type domain.Driver is not enhanced.

[2025-03-06 22:12:12 #6 type.registry] 
New type domain.Ride

[2025-03-06 22:12:12 #7 type] 
Type domain.Ride is not enhanced.

[2025-03-06 22:12:12 #8 type.registry] 
New type domain.Reservation

[2025-03-06 22:12:12 #9 type] 
Type domain.Reservation is not enhanced.

[2025-03-06 22:12:12 #10 type.registry] 
New type domain.Traveler

[2025-03-06 22:12:12 #11 type] 
Type domain.Traveler is not enhanced.

[2025-03-06 22:12:12 #12 type.registry] 
New type java.util.Vector<java.lang.Object>

[2025-03-06 22:12:12 #13 type.registry] 
New type java.util.ArrayList<java.lang.Object>

[2025-03-06 22:12:12 #14 type.registry] 
New type java.util.Vector<domain.Ride>

[2025-03-06 22:12:12 #15 type.registry] 
New type java.util.ArrayList<domain.Reservation>

------------------------------------------------------------------------------------------------------------------------

[2025-03-06 22:13:37 #1 store] 
Database 'C:\Users\aitor\Desktop\IS1\Rides24\src\main\resources\rides.temp' is opened by 23500@DESKTOP-O2PAE1U

[2025-03-06 22:13:37 #2 type.registry] 
New type domain.User

[2025-03-06 22:13:37 #3 type.registry] 
New type domain.Driver

[2025-03-06 22:13:37 #4 type] 
Type domain.User is not enhanced.

[2025-03-06 22:13:37 #5 type] 
Type domain.Driver is not enhanced.

[2025-03-06 22:13:37 #6 type.registry] 
New type domain.Ride

[2025-03-06 22:13:37 #7 type] 
Type domain.Ride is not enhanced.

[2025-03-06 22:13:37 #8 type.registry] 
New type domain.Reservation

[2025-03-06 22:13:37 #9 type] 
Type domain.Reservation is not enhanced.

[2025-03-06 22:13:37 #10 type.registry] 
New type domain.Traveler

[2025-03-06 22:13:37 #11 type] 
Type domain.Traveler is not enhanced.

[2025-03-06 22:13:37 #12 type.registry] 
New type java.util.Vector<java.lang.Object>

[2025-03-06 22:13:37 #13 type.registry] 
New type java.util.ArrayList<java.lang.Object>

[2025-03-06 22:13:37 #14 type.registry] 
New type java.util.Vector<domain.Ride>

[2025-03-06 22:13:37 #15 type.registry] 
New type java.util.ArrayList<domain.Reservation>

------------------------------------------------------------------------------------------------------------------------

[2025-03-06 22:15:21 #1 store] 
Database 'C:\Users\aitor\Desktop\IS1\Rides24\src\main\resources\rides.temp' is opened by 6604@DESKTOP-O2PAE1U

[2025-03-06 22:15:21 #2 type.registry] 
New type domain.User

[2025-03-06 22:15:21 #3 type.registry] 
New type domain.Driver

[2025-03-06 22:15:21 #4 type] 
Type domain.User is not enhanced.

[2025-03-06 22:15:21 #5 type] 
Type domain.Driver is not enhanced.

[2025-03-06 22:15:21 #6 type.registry] 
New type domain.Ride

[2025-03-06 22:15:21 #7 type] 
Type domain.Ride is not enhanced.

[2025-03-06 22:15:21 #8 type.registry] 
New type domain.Reservation

[2025-03-06 22:15:21 #9 type] 
Type domain.Reservation is not enhanced.

[2025-03-06 22:15:21 #10 type.registry] 
New type domain.Traveler

[2025-03-06 22:15:21 #11 type] 
Type domain.Traveler is not enhanced.

[2025-03-06 22:15:21 #12 type.registry] 
New type java.util.Vector<java.lang.Object>

[2025-03-06 22:15:21 #13 type.registry] 
New type java.util.ArrayList<java.lang.Object>

[2025-03-06 22:15:21 #14 type.registry] 
New type java.util.Vector<domain.Ride>

[2025-03-06 22:15:21 #15 type.registry] 
New type java.util.ArrayList<domain.Reservation>

------------------------------------------------------------------------------------------------------------------------

[2025-03-06 22:22:42 #1 store] 
Database 'C:\Users\aitor\Desktop\IS1\Rides24\src\main\resources\rides.temp' is opened by 13100@DESKTOP-O2PAE1U

[2025-03-06 22:22:42 #2 type.registry] 
New type domain.User

[2025-03-06 22:22:42 #3 type.registry] 
New type domain.Driver

[2025-03-06 22:22:42 #4 type] 
Type domain.User is not enhanced.

[2025-03-06 22:22:42 #5 type] 
Type domain.Driver is not enhanced.

[2025-03-06 22:22:42 #6 type.registry] 
New type domain.Ride

[2025-03-06 22:22:42 #7 type] 
Type domain.Ride is not enhanced.

[2025-03-06 22:22:42 #8 type.registry] 
New type domain.Reservation

[2025-03-06 22:22:42 #9 type] 
Type domain.Reservation is not enhanced.

[2025-03-06 22:22:42 #10 type.registry] 
New type domain.Traveler

[2025-03-06 22:22:42 #11 type] 
Type domain.Traveler is not enhanced.

[2025-03-06 22:22:42 #12 type.registry] 
New type java.util.Vector<java.lang.Object>

[2025-03-06 22:22:42 #13 type.registry] 
New type java.util.ArrayList<java.lang.Object>

[2025-03-06 22:22:42 #14 type.registry] 
New type java.util.Vector<domain.Ride>

[2025-03-06 22:22:42 #15 type.registry] 
New type java.util.ArrayList<domain.Reservation>

------------------------------------------------------------------------------------------------------------------------

[2025-03-06 22:22:55 #1 store] 
Database 'C:\Users\aitor\Desktop\IS1\Rides24\src\main\resources\rides.temp' is opened by 8588@DESKTOP-O2PAE1U

[2025-03-06 22:22:55 #2 type.registry] 
New type domain.User

[2025-03-06 22:22:55 #3 type.registry] 
New type domain.Driver

[2025-03-06 22:22:55 #4 type] 
Type domain.User is not enhanced.

[2025-03-06 22:22:55 #5 type] 
Type domain.Driver is not enhanced.

[2025-03-06 22:22:55 #6 type.registry] 
New type domain.Ride

[2025-03-06 22:22:55 #7 type] 
Type domain.Ride is not enhanced.

[2025-03-06 22:22:55 #8 type.registry] 
New type domain.Reservation

[2025-03-06 22:22:55 #9 type] 
Type domain.Reservation is not enhanced.

[2025-03-06 22:22:55 #10 type.registry] 
New type domain.Traveler

[2025-03-06 22:22:55 #11 type] 
Type domain.Traveler is not enhanced.

[2025-03-06 22:22:55 #12 type.registry] 
New type java.util.Vector<java.lang.Object>

[2025-03-06 22:22:55 #13 type.registry] 
New type java.util.ArrayList<java.lang.Object>

[2025-03-06 22:22:55 #14 type.registry] 
New type java.util.Vector<domain.Ride>

[2025-03-06 22:22:55 #15 type.registry] 
New type java.util.ArrayList<domain.Reservation>

------------------------------------------------------------------------------------------------------------------------

[2025-03-06 22:23:57 #1 server] 
Server on port 6136 has started by 12936@DESKTOP-O2PAE1U

------------------------------------------------------------------------------------------------------------------------

[2025-03-06 22:24:09 #1 store] 
Database 'C:\Users\aitor\Desktop\IS1\Rides24\src\main\resources\rides.temp' is opened by 9724@DESKTOP-O2PAE1U

[2025-03-06 22:24:09 #2 type.registry] 
New type domain.User

[2025-03-06 22:24:09 #3 type.registry] 
New type domain.Driver

[2025-03-06 22:24:09 #4 type] 
Type domain.User is not enhanced.

[2025-03-06 22:24:09 #5 type] 
Type domain.Driver is not enhanced.

[2025-03-06 22:24:09 #6 type.registry] 
New type domain.Ride

[2025-03-06 22:24:09 #7 type] 
Type domain.Ride is not enhanced.

[2025-03-06 22:24:09 #8 type.registry] 
New type domain.Reservation

[2025-03-06 22:24:09 #9 type] 
Type domain.Reservation is not enhanced.

[2025-03-06 22:24:09 #10 type.registry] 
New type domain.Traveler

[2025-03-06 22:24:09 #11 type] 
Type domain.Traveler is not enhanced.

[2025-03-06 22:24:09 #12 type.registry] 
New type java.util.Vector<java.lang.Object>

[2025-03-06 22:24:09 #13 type.registry] 
New type java.util.ArrayList<java.lang.Object>

[2025-03-06 22:24:09 #14 type.registry] 
New type java.util.Vector<domain.Ride>

[2025-03-06 22:24:09 #15 type.registry] 
New type java.util.ArrayList<domain.Reservation>

------------------------------------------------------------------------------------------------------------------------

[2025-03-06 22:27:46 #1 store] 
Database 'C:\Users\aitor\Desktop\IS1\Rides24\src\main\resources\rides.odb' is opened by 11536@DESKTOP-O2PAE1U

[2025-03-06 22:27:46 #2 type.registry] 
New type domain.User

[2025-03-06 22:27:46 #3 type.registry] 
New type domain.Driver

[2025-03-06 22:27:46 #4 type] 
Type domain.User is not enhanced.

[2025-03-06 22:27:46 #5 type] 
Type domain.Driver is not enhanced.

[2025-03-06 22:27:46 #6 type.registry] 
New type domain.Ride

[2025-03-06 22:27:46 #7 type] 
Type domain.Ride is not enhanced.

[2025-03-06 22:27:46 #8 type.registry] 
New type domain.Reservation

[2025-03-06 22:27:46 #9 type] 
Type domain.Reservation is not enhanced.

[2025-03-06 22:27:46 #10 type.registry] 
New type domain.Traveler

[2025-03-06 22:27:46 #11 type] 
Type domain.Traveler is not enhanced.

[2025-03-06 22:27:46 #12 type.registry] 
New type java.util.Vector<java.lang.Object>

[2025-03-06 22:27:46 #13 type.registry] 
New type java.util.ArrayList<java.lang.Object>

[2025-03-06 22:27:46 #14 type.registry] 
New type java.util.Vector<domain.Ride>

[2025-03-06 22:27:46 #15 type.registry] 
New type java.util.ArrayList<domain.Reservation>

------------------------------------------------------------------------------------------------------------------------

[2025-03-06 22:29:05 #1 store] 
Database 'C:\Users\aitor\Desktop\IS1\Rides24\src\main\resources\rides.odb' is opened by 4832@DESKTOP-O2PAE1U

[2025-03-06 22:29:06 #2 type.registry] 
New type domain.User

[2025-03-06 22:29:06 #3 type.registry] 
New type domain.Driver

[2025-03-06 22:29:06 #4 type] 
Type domain.User is not enhanced.

[2025-03-06 22:29:06 #5 type] 
Type domain.Driver is not enhanced.

[2025-03-06 22:29:06 #6 type.registry] 
New type domain.Ride

[2025-03-06 22:29:06 #7 type] 
Type domain.Ride is not enhanced.

[2025-03-06 22:29:06 #8 type.registry] 
New type domain.Reservation

[2025-03-06 22:29:06 #9 type] 
Type domain.Reservation is not enhanced.

[2025-03-06 22:29:06 #10 type.registry] 
New type domain.Traveler

[2025-03-06 22:29:06 #11 type] 
Type domain.Traveler is not enhanced.

[2025-03-06 22:29:06 #12 type.registry] 
New type java.util.Vector<java.lang.Object>

[2025-03-06 22:29:06 #13 type.registry] 
New type java.util.ArrayList<java.lang.Object>

[2025-03-06 22:29:06 #14 type.registry] 
New type java.util.Vector<domain.Ride>

[2025-03-06 22:29:06 #15 type.registry] 
New type java.util.ArrayList<domain.Reservation>

------------------------------------------------------------------------------------------------------------------------

[2025-03-06 22:30:17 #1 store] 
Database 'C:\Users\aitor\Desktop\IS1\Rides24\src\main\resources\rides.odb' is opened by 10300@DESKTOP-O2PAE1U

[2025-03-06 22:30:17 #2 type.registry] 
New type domain.User

[2025-03-06 22:30:17 #3 type.registry] 
New type domain.Driver

[2025-03-06 22:30:17 #4 type] 
Type domain.User is not enhanced.

[2025-03-06 22:30:17 #5 type] 
Type domain.Driver is not enhanced.

[2025-03-06 22:30:17 #6 type.registry] 
New type domain.Ride

[2025-03-06 22:30:17 #7 type] 
Type domain.Ride is not enhanced.

[2025-03-06 22:30:17 #8 type.registry] 
New type domain.Reservation

[2025-03-06 22:30:17 #9 type] 
Type domain.Reservation is not enhanced.

[2025-03-06 22:30:17 #10 type.registry] 
New type domain.Traveler

[2025-03-06 22:30:17 #11 type] 
Type domain.Traveler is not enhanced.

[2025-03-06 22:30:17 #12 type.registry] 
New type java.util.Vector<java.lang.Object>

[2025-03-06 22:30:17 #13 type.registry] 
New type java.util.ArrayList<java.lang.Object>

[2025-03-06 22:30:17 #14 type.registry] 
New type java.util.Vector<domain.Ride>

[2025-03-06 22:30:17 #15 type.registry] 
New type java.util.ArrayList<domain.Reservation>

------------------------------------------------------------------------------------------------------------------------

[2025-03-06 23:00:59 #1 store] 
Database 'C:\Users\aitor\Desktop\IS1\Rides24\src\main\resources\rides.odb' is opened by 11908@DESKTOP-O2PAE1U

[2025-03-06 23:00:59 #2 type.registry] 
New type domain.User

[2025-03-06 23:00:59 #3 type.registry] 
New type domain.Driver

[2025-03-06 23:00:59 #4 type] 
Type domain.User is not enhanced.

[2025-03-06 23:00:59 #5 type] 
Type domain.Driver is not enhanced.

[2025-03-06 23:00:59 #6 type.registry] 
New type domain.Ride

[2025-03-06 23:00:59 #7 type] 
Type domain.Ride is not enhanced.

[2025-03-06 23:00:59 #8 type.registry] 
New type domain.Reservation

[2025-03-06 23:00:59 #9 type] 
Type domain.Reservation is not enhanced.

[2025-03-06 23:00:59 #10 type.registry] 
New type domain.Traveler

[2025-03-06 23:00:59 #11 type] 
Type domain.Traveler is not enhanced.

[2025-03-06 23:01:00 #12 type.registry] 
New type java.util.Vector<java.lang.Object>

[2025-03-06 23:01:00 #13 type.registry] 
New type java.util.ArrayList<java.lang.Object>

[2025-03-06 23:01:00 #14 type.registry] 
New type java.util.Vector<domain.Ride>

[2025-03-06 23:01:00 #15 type.registry] 
New type java.util.ArrayList<domain.Reservation>

------------------------------------------------------------------------------------------------------------------------

[2025-03-06 23:03:30 #1 store] 
Database 'C:\Users\aitor\Desktop\IS1\Rides24\src\main\resources\rides.odb' is opened by 18928@DESKTOP-O2PAE1U

[2025-03-06 23:03:30 #2 type.registry] 
New type domain.User

[2025-03-06 23:03:30 #3 type.registry] 
New type domain.Driver

[2025-03-06 23:03:30 #4 type] 
Type domain.User is not enhanced.

[2025-03-06 23:03:30 #5 type] 
Type domain.Driver is not enhanced.

[2025-03-06 23:03:30 #6 type.registry] 
New type domain.Ride

[2025-03-06 23:03:30 #7 type] 
Type domain.Ride is not enhanced.

[2025-03-06 23:03:30 #8 type.registry] 
New type domain.Reservation

[2025-03-06 23:03:30 #9 type] 
Type domain.Reservation is not enhanced.

[2025-03-06 23:03:30 #10 type.registry] 
New type domain.Traveler

[2025-03-06 23:03:30 #11 type] 
Type domain.Traveler is not enhanced.

[2025-03-06 23:03:30 #12 type.registry] 
New type java.util.Vector<java.lang.Object>

[2025-03-06 23:03:30 #13 type.registry] 
New type java.util.ArrayList<java.lang.Object>

[2025-03-06 23:03:30 #14 type.registry] 
New type java.util.Vector<domain.Ride>

[2025-03-06 23:03:30 #15 type.registry] 
New type java.util.ArrayList<domain.Reservation>

[2025-03-06 23:05:43 #2 server] 
Server on port 6136 has stopped by 12936@DESKTOP-O2PAE1U

------------------------------------------------------------------------------------------------------------------------

[2025-03-06 23:06:57 #1 store] 
Database 'C:\Users\aitor\Desktop\IS1\Rides24\src\main\resources\rides.odb' has been recovered (tr. 1-11)

[2025-03-06 23:06:57 #2 store] 
Database 'C:\Users\aitor\Desktop\IS1\Rides24\src\main\resources\rides.odb' is opened by 20552@DESKTOP-O2PAE1U

[2025-03-06 23:06:57 #3 type] 
Type domain.User is not enhanced.

[2025-03-06 23:06:57 #4 type] 
Type domain.Driver is not enhanced.

[2025-03-06 23:06:57 #5 type] 
Type domain.Ride is not enhanced.

[2025-03-06 23:06:57 #6 type] 
Type domain.Reservation is not enhanced.

[2025-03-06 23:06:57 #7 type] 
Type domain.Traveler is not enhanced.

------------------------------------------------------------------------------------------------------------------------

[2025-03-06 23:07:12 #1 store] 
Database 'C:\Users\aitor\Desktop\IS1\Rides24\src\main\resources\rides.odb' has been recovered (tr. 12-12)

[2025-03-06 23:07:12 #2 store] 
Database 'C:\Users\aitor\Desktop\IS1\Rides24\src\main\resources\rides.odb' is opened by 4476@DESKTOP-O2PAE1U

[2025-03-06 23:07:12 #3 type] 
Type domain.User is not enhanced.

[2025-03-06 23:07:12 #4 type] 
Type domain.Driver is not enhanced.

[2025-03-06 23:07:12 #5 type] 
Type domain.Ride is not enhanced.

[2025-03-06 23:07:12 #6 type] 
Type domain.Reservation is not enhanced.

[2025-03-06 23:07:12 #7 type] 
Type domain.Traveler is not enhanced.

------------------------------------------------------------------------------------------------------------------------

[2025-03-06 23:07:34 #1 store] 
Database 'C:\Users\aitor\Desktop\IS1\Rides24\src\main\resources\rides.odb' is opened by 6908@DESKTOP-O2PAE1U

[2025-03-06 23:07:34 #2 type] 
Type domain.User is not enhanced.

[2025-03-06 23:07:34 #3 type] 
Type domain.Driver is not enhanced.

[2025-03-06 23:07:34 #4 type] 
Type domain.Ride is not enhanced.

[2025-03-06 23:07:34 #5 type] 
Type domain.Reservation is not enhanced.

[2025-03-06 23:07:34 #6 type] 
Type domain.Traveler is not enhanced.

------------------------------------------------------------------------------------------------------------------------

[2025-03-06 23:08:00 #1 store] 
Database 'C:\Users\aitor\Desktop\IS1\Rides24\src\main\resources\rides.odb' is opened by 3412@DESKTOP-O2PAE1U

[2025-03-06 23:08:00 #2 type.registry] 
New type domain.User

[2025-03-06 23:08:00 #3 type.registry] 
New type domain.Driver

[2025-03-06 23:08:00 #4 type] 
Type domain.User is not enhanced.

[2025-03-06 23:08:00 #5 type] 
Type domain.Driver is not enhanced.

[2025-03-06 23:08:00 #6 type.registry] 
New type domain.Ride

[2025-03-06 23:08:00 #7 type] 
Type domain.Ride is not enhanced.

[2025-03-06 23:08:00 #8 type.registry] 
New type domain.Reservation

[2025-03-06 23:08:00 #9 type] 
Type domain.Reservation is not enhanced.

[2025-03-06 23:08:00 #10 type.registry] 
New type domain.Traveler

[2025-03-06 23:08:00 #11 type] 
Type domain.Traveler is not enhanced.

[2025-03-06 23:08:00 #12 type.registry] 
New type java.util.Vector<java.lang.Object>

[2025-03-06 23:08:00 #13 type.registry] 
New type java.util.ArrayList<java.lang.Object>

[2025-03-06 23:08:00 #14 type.registry] 
New type java.util.Vector<domain.Ride>

[2025-03-06 23:08:00 #15 type.registry] 
New type java.util.ArrayList<domain.Reservation>

------------------------------------------------------------------------------------------------------------------------

[2025-03-06 23:10:15 #1 store] 
Database 'C:\Users\aitor\Desktop\IS1\Rides24\src\main\resources\rides.odb' is opened by 5572@DESKTOP-O2PAE1U

[2025-03-06 23:10:15 #2 type] 
Type domain.User is not enhanced.

[2025-03-06 23:10:15 #3 type] 
Type domain.Driver is not enhanced.

[2025-03-06 23:10:15 #4 type] 
Type domain.Ride is not enhanced.

[2025-03-06 23:10:15 #5 type] 
Type domain.Reservation is not enhanced.

[2025-03-06 23:10:15 #6 type] 
Type domain.Traveler is not enhanced.

------------------------------------------------------------------------------------------------------------------------

[2025-03-06 23:20:49 #1 store] 
Database 'C:\Users\aitor\Desktop\IS1\Rides24\src\main\resources\rides.odb' is opened by 13144@DESKTOP-O2PAE1U

[2025-03-06 23:20:49 #2 type.registry] 
New type domain.User

[2025-03-06 23:20:49 #3 type.registry] 
New type domain.Driver

[2025-03-06 23:20:49 #4 type] 
Type domain.User is not enhanced.

[2025-03-06 23:20:49 #5 type] 
Type domain.Driver is not enhanced.

[2025-03-06 23:20:49 #6 type.registry] 
New type domain.Ride

[2025-03-06 23:20:49 #7 type] 
Type domain.Ride is not enhanced.

[2025-03-06 23:20:49 #8 type.registry] 
New type domain.Reservation

[2025-03-06 23:20:49 #9 type] 
Type domain.Reservation is not enhanced.

[2025-03-06 23:20:49 #10 type.registry] 
New type domain.Traveler

[2025-03-06 23:20:49 #11 type] 
Type domain.Traveler is not enhanced.

[2025-03-06 23:20:49 #12 type.registry] 
New type java.util.Vector<java.lang.Object>

[2025-03-06 23:20:49 #13 type.registry] 
New type java.util.ArrayList<java.lang.Object>

[2025-03-06 23:20:49 #14 type.registry] 
New type java.util.Vector<domain.Ride>

[2025-03-06 23:20:49 #15 type.registry] 
New type java.util.ArrayList<domain.Reservation>

------------------------------------------------------------------------------------------------------------------------

[2025-03-06 23:21:03 #1 store] 
Database 'C:\Users\aitor\Desktop\IS1\Rides24\src\main\resources\rides.odb' is opened by 21864@DESKTOP-O2PAE1U

[2025-03-06 23:21:03 #2 type.registry] 
New type domain.User

[2025-03-06 23:21:03 #3 type.registry] 
New type domain.Driver

[2025-03-06 23:21:03 #4 type] 
Type domain.User is not enhanced.

[2025-03-06 23:21:03 #5 type] 
Type domain.Driver is not enhanced.

[2025-03-06 23:21:03 #6 type.registry] 
New type domain.Ride

[2025-03-06 23:21:03 #7 type] 
Type domain.Ride is not enhanced.

[2025-03-06 23:21:03 #8 type.registry] 
New type domain.Reservation

[2025-03-06 23:21:03 #9 type] 
Type domain.Reservation is not enhanced.

[2025-03-06 23:21:03 #10 type.registry] 
New type domain.Traveler

[2025-03-06 23:21:03 #11 type] 
Type domain.Traveler is not enhanced.

[2025-03-06 23:21:03 #12 type.registry] 
New type java.util.Vector<java.lang.Object>

[2025-03-06 23:21:03 #13 type.registry] 
New type java.util.ArrayList<java.lang.Object>

[2025-03-06 23:21:03 #14 type.registry] 
New type java.util.Vector<domain.Ride>

[2025-03-06 23:21:03 #15 type.registry] 
New type java.util.ArrayList<domain.Reservation>

------------------------------------------------------------------------------------------------------------------------

[2025-03-06 23:22:32 #1 store] 
Database 'C:\Users\aitor\Desktop\IS1\Rides24\src\main\resources\rides.odb' has been recovered (tr. 1-11)

[2025-03-06 23:22:32 #2 store] 
Database 'C:\Users\aitor\Desktop\IS1\Rides24\src\main\resources\rides.odb' is opened by 13060@DESKTOP-O2PAE1U

[2025-03-06 23:22:32 #3 type] 
Type domain.User is not enhanced.

[2025-03-06 23:22:32 #4 type] 
Type domain.Driver is not enhanced.

[2025-03-06 23:22:32 #5 type] 
Type domain.Ride is not enhanced.

[2025-03-06 23:22:32 #6 type] 
Type domain.Reservation is not enhanced.

[2025-03-06 23:22:32 #7 type] 
Type domain.Traveler is not enhanced.

------------------------------------------------------------------------------------------------------------------------

[2025-03-06 23:22:56 #1 store] 
Database 'C:\Users\aitor\Desktop\IS1\Rides24\src\main\resources\rides.odb' is opened by 21340@DESKTOP-O2PAE1U

[2025-03-06 23:22:56 #2 type] 
Type domain.User is not enhanced.

[2025-03-06 23:22:56 #3 type] 
Type domain.Driver is not enhanced.

[2025-03-06 23:22:56 #4 type] 
Type domain.Ride is not enhanced.

[2025-03-06 23:22:56 #5 type] 
Type domain.Reservation is not enhanced.

[2025-03-06 23:22:56 #6 type] 
Type domain.Traveler is not enhanced.

------------------------------------------------------------------------------------------------------------------------

[2025-03-06 23:23:42 #1 store] 
Database 'C:\Users\aitor\Desktop\IS1\Rides24\src\main\resources\rides.odb' is opened by 8188@DESKTOP-O2PAE1U

[2025-03-06 23:23:42 #2 type.registry] 
New type domain.User

[2025-03-06 23:23:42 #3 type.registry] 
New type domain.Driver

[2025-03-06 23:23:42 #4 type] 
Type domain.User is not enhanced.

[2025-03-06 23:23:42 #5 type] 
Type domain.Driver is not enhanced.

[2025-03-06 23:23:42 #6 type.registry] 
New type domain.Ride

[2025-03-06 23:23:42 #7 type] 
Type domain.Ride is not enhanced.

[2025-03-06 23:23:42 #8 type.registry] 
New type domain.Reservation

[2025-03-06 23:23:42 #9 type] 
Type domain.Reservation is not enhanced.

[2025-03-06 23:23:42 #10 type.registry] 
New type domain.Traveler

[2025-03-06 23:23:42 #11 type] 
Type domain.Traveler is not enhanced.

[2025-03-06 23:23:42 #12 type.registry] 
New type java.util.Vector<java.lang.Object>

[2025-03-06 23:23:42 #13 type.registry] 
New type java.util.ArrayList<java.lang.Object>

[2025-03-06 23:23:42 #14 type.registry] 
New type java.util.Vector<domain.Ride>

[2025-03-06 23:23:42 #15 type.registry] 
New type java.util.ArrayList<domain.Reservation>

------------------------------------------------------------------------------------------------------------------------

[2025-03-06 23:24:16 #1 store] 
Database 'C:\Users\aitor\Desktop\IS1\Rides24\src\main\resources\rides.odb' has been recovered (tr. 1-8)

[2025-03-06 23:24:16 #2 store] 
Database 'C:\Users\aitor\Desktop\IS1\Rides24\src\main\resources\rides.odb' is opened by 12036@DESKTOP-O2PAE1U

[2025-03-06 23:24:16 #3 type] 
Type domain.User is not enhanced.

[2025-03-06 23:24:16 #4 type] 
Type domain.Driver is not enhanced.

[2025-03-06 23:24:16 #5 type] 
Type domain.Ride is not enhanced.

[2025-03-06 23:24:16 #6 type] 
Type domain.Reservation is not enhanced.

[2025-03-06 23:24:16 #7 type] 
Type domain.Traveler is not enhanced.

------------------------------------------------------------------------------------------------------------------------

[2025-03-06 23:27:47 #1 store] 
Database 'C:\Users\aitor\Desktop\IS1\Rides24\src\main\resources\rides.odb' is opened by 1084@DESKTOP-O2PAE1U

[2025-03-06 23:27:47 #2 type.registry] 
New type domain.User

[2025-03-06 23:27:47 #3 type.registry] 
New type domain.Driver

[2025-03-06 23:27:47 #4 type] 
Type domain.User is not enhanced.

[2025-03-06 23:27:47 #5 type] 
Type domain.Driver is not enhanced.

[2025-03-06 23:27:47 #6 type.registry] 
New type domain.Ride

[2025-03-06 23:27:47 #7 type] 
Type domain.Ride is not enhanced.

[2025-03-06 23:27:47 #8 type.registry] 
New type domain.Reservation

[2025-03-06 23:27:47 #9 type] 
Type domain.Reservation is not enhanced.

[2025-03-06 23:27:47 #10 type.registry] 
New type domain.Traveler

[2025-03-06 23:27:47 #11 type] 
Type domain.Traveler is not enhanced.

[2025-03-06 23:27:47 #12 type.registry] 
New type java.util.Vector<java.lang.Object>

[2025-03-06 23:27:47 #13 type.registry] 
New type java.util.ArrayList<java.lang.Object>

[2025-03-06 23:27:47 #14 type.registry] 
New type java.util.Vector<domain.Ride>

[2025-03-06 23:27:47 #15 type.registry] 
New type java.util.ArrayList<domain.Reservation>

------------------------------------------------------------------------------------------------------------------------

[2025-03-06 23:27:53 #1 store] 
Database 'C:\Users\aitor\Desktop\IS1\Rides24\src\main\resources\rides.odb' has been recovered (tr. 1-8)

[2025-03-06 23:27:53 #2 store] 
Database 'C:\Users\aitor\Desktop\IS1\Rides24\src\main\resources\rides.odb' is opened by 11628@DESKTOP-O2PAE1U

[2025-03-06 23:27:53 #3 type] 
Type domain.User is not enhanced.

[2025-03-06 23:27:53 #4 type] 
Type domain.Driver is not enhanced.

[2025-03-06 23:27:53 #5 type] 
Type domain.Ride is not enhanced.

[2025-03-06 23:27:53 #6 type] 
Type domain.Reservation is not enhanced.

[2025-03-06 23:27:53 #7 type] 
Type domain.Traveler is not enhanced.

------------------------------------------------------------------------------------------------------------------------

[2025-03-06 23:28:44 #1 store] 
Database 'C:\Users\aitor\Desktop\IS1\Rides24\src\main\resources\rides.odb' is opened by 10892@DESKTOP-O2PAE1U

[2025-03-06 23:28:44 #2 type.registry] 
New type domain.User

[2025-03-06 23:28:44 #3 type.registry] 
New type domain.Driver

[2025-03-06 23:28:44 #4 type] 
Type domain.User is not enhanced.

[2025-03-06 23:28:44 #5 type] 
Type domain.Driver is not enhanced.

[2025-03-06 23:28:44 #6 type.registry] 
New type domain.Ride

[2025-03-06 23:28:44 #7 type] 
Type domain.Ride is not enhanced.

[2025-03-06 23:28:44 #8 type.registry] 
New type domain.Reservation

[2025-03-06 23:28:44 #9 type] 
Type domain.Reservation is not enhanced.

[2025-03-06 23:28:44 #10 type.registry] 
New type domain.Traveler

[2025-03-06 23:28:44 #11 type] 
Type domain.Traveler is not enhanced.

[2025-03-06 23:28:44 #12 type.registry] 
New type java.util.Vector<java.lang.Object>

[2025-03-06 23:28:44 #13 type.registry] 
New type java.util.ArrayList<java.lang.Object>

[2025-03-06 23:28:44 #14 type.registry] 
New type java.util.Vector<domain.Ride>

[2025-03-06 23:28:44 #15 type.registry] 
New type java.util.ArrayList<domain.Reservation>

------------------------------------------------------------------------------------------------------------------------

[2025-03-06 23:29:03 #1 store] 
Database 'C:\Users\aitor\Desktop\IS1\Rides24\src\main\resources\rides.odb' has been recovered (tr. 1-8)

[2025-03-06 23:29:03 #2 store] 
Database 'C:\Users\aitor\Desktop\IS1\Rides24\src\main\resources\rides.odb' is opened by 22220@DESKTOP-O2PAE1U

[2025-03-06 23:29:03 #3 type] 
Type domain.User is not enhanced.

[2025-03-06 23:29:03 #4 type] 
Type domain.Driver is not enhanced.

[2025-03-06 23:29:03 #5 type] 
Type domain.Ride is not enhanced.

[2025-03-06 23:29:03 #6 type] 
Type domain.Reservation is not enhanced.

[2025-03-06 23:29:03 #7 type] 
Type domain.Traveler is not enhanced.

------------------------------------------------------------------------------------------------------------------------

[2025-03-06 23:29:36 #1 store] 
Database 'C:\Users\aitor\Desktop\IS1\Rides24\src\main\resources\rides.odb' is opened by 5000@DESKTOP-O2PAE1U

[2025-03-06 23:29:36 #2 type.registry] 
New type domain.User

[2025-03-06 23:29:36 #3 type.registry] 
New type domain.Driver

[2025-03-06 23:29:36 #4 type] 
Type domain.User is not enhanced.

[2025-03-06 23:29:36 #5 type] 
Type domain.Driver is not enhanced.

[2025-03-06 23:29:36 #6 type.registry] 
New type domain.Ride

[2025-03-06 23:29:36 #7 type] 
Type domain.Ride is not enhanced.

[2025-03-06 23:29:36 #8 type.registry] 
New type domain.Reservation

[2025-03-06 23:29:36 #9 type] 
Type domain.Reservation is not enhanced.

[2025-03-06 23:29:36 #10 type.registry] 
New type domain.Traveler

[2025-03-06 23:29:36 #11 type] 
Type domain.Traveler is not enhanced.

[2025-03-06 23:29:36 #12 type.registry] 
New type java.util.Vector<java.lang.Object>

[2025-03-06 23:29:36 #13 type.registry] 
New type java.util.ArrayList<java.lang.Object>

[2025-03-06 23:29:36 #14 type.registry] 
New type java.util.Vector<domain.Ride>

[2025-03-06 23:29:36 #15 type.registry] 
New type java.util.ArrayList<domain.Reservation>

------------------------------------------------------------------------------------------------------------------------

[2025-03-06 23:29:43 #1 store] 
Database 'C:\Users\aitor\Desktop\IS1\Rides24\src\main\resources\rides.odb' has been recovered (tr. 1-8)

[2025-03-06 23:29:43 #2 store] 
Database 'C:\Users\aitor\Desktop\IS1\Rides24\src\main\resources\rides.odb' is opened by 19288@DESKTOP-O2PAE1U

[2025-03-06 23:29:43 #3 type] 
Type domain.User is not enhanced.

[2025-03-06 23:29:43 #4 type] 
Type domain.Driver is not enhanced.

[2025-03-06 23:29:43 #5 type] 
Type domain.Ride is not enhanced.

[2025-03-06 23:29:43 #6 type] 
Type domain.Reservation is not enhanced.

[2025-03-06 23:29:43 #7 type] 
Type domain.Traveler is not enhanced.

------------------------------------------------------------------------------------------------------------------------

[2025-03-06 23:29:51 #1 store] 
Database 'C:\Users\aitor\Desktop\IS1\Rides24\src\main\resources\rides.odb' is opened by 12448@DESKTOP-O2PAE1U

[2025-03-06 23:29:51 #2 type] 
Type domain.User is not enhanced.

[2025-03-06 23:29:51 #3 type] 
Type domain.Driver is not enhanced.

[2025-03-06 23:29:51 #4 type] 
Type domain.Ride is not enhanced.

[2025-03-06 23:29:51 #5 type] 
Type domain.Reservation is not enhanced.

[2025-03-06 23:29:51 #6 type] 
Type domain.Traveler is not enhanced.

------------------------------------------------------------------------------------------------------------------------

[2025-03-06 23:30:09 #1 store] 
Database 'C:\Users\aitor\Desktop\IS1\Rides24\src\main\resources\rides.odb' is opened by 21696@DESKTOP-O2PAE1U

[2025-03-06 23:30:09 #2 type] 
Type domain.User is not enhanced.

[2025-03-06 23:30:09 #3 type] 
Type domain.Driver is not enhanced.

[2025-03-06 23:30:09 #4 type] 
Type domain.Ride is not enhanced.

[2025-03-06 23:30:09 #5 type] 
Type domain.Reservation is not enhanced.

[2025-03-06 23:30:09 #6 type] 
Type domain.Traveler is not enhanced.

------------------------------------------------------------------------------------------------------------------------

[2025-03-06 23:31:26 #1 store] 
Database 'C:\Users\aitor\Desktop\IS1\Rides24\src\main\resources\rides.odb' is opened by 13236@DESKTOP-O2PAE1U

[2025-03-06 23:31:26 #2 type.registry] 
New type domain.User

[2025-03-06 23:31:26 #3 type.registry] 
New type domain.Driver

[2025-03-06 23:31:26 #4 type] 
Type domain.User is not enhanced.

[2025-03-06 23:31:26 #5 type] 
Type domain.Driver is not enhanced.

[2025-03-06 23:31:26 #6 type.registry] 
New type domain.Ride

[2025-03-06 23:31:26 #7 type] 
Type domain.Ride is not enhanced.

[2025-03-06 23:31:26 #8 type.registry] 
New type domain.Reservation

[2025-03-06 23:31:26 #9 type] 
Type domain.Reservation is not enhanced.

[2025-03-06 23:31:26 #10 type.registry] 
New type domain.Traveler

[2025-03-06 23:31:26 #11 type] 
Type domain.Traveler is not enhanced.

[2025-03-06 23:31:26 #12 type.registry] 
New type java.util.Vector<java.lang.Object>

[2025-03-06 23:31:26 #13 type.registry] 
New type java.util.ArrayList<java.lang.Object>

[2025-03-06 23:31:26 #14 type.registry] 
New type java.util.Vector<domain.Ride>

[2025-03-06 23:31:26 #15 type.registry] 
New type java.util.ArrayList<domain.Reservation>

------------------------------------------------------------------------------------------------------------------------

[2025-03-06 23:31:35 #1 store] 
Database 'C:\Users\aitor\Desktop\IS1\Rides24\src\main\resources\rides.odb' has been recovered (tr. 1-8)

[2025-03-06 23:31:35 #2 store] 
Database 'C:\Users\aitor\Desktop\IS1\Rides24\src\main\resources\rides.odb' is opened by 2396@DESKTOP-O2PAE1U

[2025-03-06 23:31:36 #3 type] 
Type domain.User is not enhanced.

[2025-03-06 23:31:36 #4 type] 
Type domain.Driver is not enhanced.

[2025-03-06 23:31:36 #5 type] 
Type domain.Ride is not enhanced.

[2025-03-06 23:31:36 #6 type] 
Type domain.Reservation is not enhanced.

[2025-03-06 23:31:36 #7 type] 
Type domain.Traveler is not enhanced.

------------------------------------------------------------------------------------------------------------------------

[2025-03-06 23:31:47 #1 store] 
Database 'C:\Users\aitor\Desktop\IS1\Rides24\src\main\resources\rides.odb' is opened by 14088@DESKTOP-O2PAE1U

[2025-03-06 23:31:47 #2 type] 
Type domain.User is not enhanced.

[2025-03-06 23:31:47 #3 type] 
Type domain.Driver is not enhanced.

[2025-03-06 23:31:47 #4 type] 
Type domain.Ride is not enhanced.

[2025-03-06 23:31:47 #5 type] 
Type domain.Reservation is not enhanced.

[2025-03-06 23:31:47 #6 type] 
Type domain.Traveler is not enhanced.

------------------------------------------------------------------------------------------------------------------------

[2025-03-06 23:32:36 #1 store] 
Database 'C:\Users\aitor\Desktop\IS1\Rides24\src\main\resources\rides.odb' is opened by 3112@DESKTOP-O2PAE1U

[2025-03-06 23:32:36 #2 type.registry] 
New type domain.User

[2025-03-06 23:32:36 #3 type.registry] 
New type domain.Driver

[2025-03-06 23:32:36 #4 type] 
Type domain.User is not enhanced.

[2025-03-06 23:32:36 #5 type] 
Type domain.Driver is not enhanced.

[2025-03-06 23:32:36 #6 type.registry] 
New type domain.Ride

[2025-03-06 23:32:36 #7 type] 
Type domain.Ride is not enhanced.

[2025-03-06 23:32:36 #8 type.registry] 
New type domain.Reservation

[2025-03-06 23:32:36 #9 type] 
Type domain.Reservation is not enhanced.

[2025-03-06 23:32:36 #10 type.registry] 
New type domain.Traveler

[2025-03-06 23:32:36 #11 type] 
Type domain.Traveler is not enhanced.

[2025-03-06 23:32:36 #12 type.registry] 
New type java.util.Vector<java.lang.Object>

[2025-03-06 23:32:36 #13 type.registry] 
New type java.util.ArrayList<java.lang.Object>

[2025-03-06 23:32:36 #14 type.registry] 
New type java.util.Vector<domain.Ride>

[2025-03-06 23:32:36 #15 type.registry] 
New type java.util.ArrayList<domain.Reservation>

------------------------------------------------------------------------------------------------------------------------

[2025-03-06 23:32:54 #1 store] 
Database 'C:\Users\aitor\Desktop\IS1\Rides24\src\main\resources\rides.odb' has been recovered (tr. 1-8)

[2025-03-06 23:32:54 #2 store] 
Database 'C:\Users\aitor\Desktop\IS1\Rides24\src\main\resources\rides.odb' is opened by 16984@DESKTOP-O2PAE1U

[2025-03-06 23:32:54 #3 type] 
Type domain.User is not enhanced.

[2025-03-06 23:32:54 #4 type] 
Type domain.Driver is not enhanced.

[2025-03-06 23:32:54 #5 type] 
Type domain.Ride is not enhanced.

[2025-03-06 23:32:54 #6 type] 
Type domain.Reservation is not enhanced.

[2025-03-06 23:32:54 #7 type] 
Type domain.Traveler is not enhanced.

